<?xml version="1.0" encoding="UTF-8"?>
<testsuite name="co.edu.unal.paralela.ReciprocalArraySumTest" time="36.153" tests="4" errors="0" skipped="0" failures="3">
  <properties>
[...]
</properties>
  <testcase name="testParManyTaskTwoHundredMillion" classname="co.edu.unal.paralela.ReciprocalArraySumTest" time="18.361">
    <failure message="Se esperaba que la implmentación de muchas tareas en paralelo pudiera ejecutarse  9,600000x veces más rápido, pero solo alcanzo a mejorar la rapidez (speedup) 2,227848x veces" type="junit.framework.AssertionFailedError">junit.framework.AssertionFailedError: Se esperaba que la implmentación de muchas tareas en paralelo pudiera ejecutarse  9,600000x veces más rápido, pero solo alcanzo a mejorar la rapidez (speedup) 2,227848x veces
	at junit.framework.Assert.fail(Assert.java:47)
	at junit.framework.Assert.assertTrue(Assert.java:20)
	at co.edu.unal.paralela.ReciprocalArraySumTest.testParManyTaskTwoHundredMillion(ReciprocalArraySumTest.java:163)
</failure>
    <system-out><![CDATA[Test 4 - Cientos de Millones de elementos con 12 tareas paralelas. Minimal Expected: 9.600000000000001. Speedup: 2.2278481012658227
]]></system-out>
  </testcase>
  <testcase name="testParSimpleTwoHundredMillion" classname="co.edu.unal.paralela.ReciprocalArraySumTest" time="17.23"/>
  <testcase name="testParSimpleTwoMillion" classname="co.edu.unal.paralela.ReciprocalArraySumTest" time="0.297">
    <failure message="Se esperaba que la implementación de dos tareas en paralelo pudiera ejecutarse  1,500000x veces más rápido, pero solo alcanzo a mejorar la rapidez (speedup) 0,500000x veces" type="junit.framework.AssertionFailedError">junit.framework.AssertionFailedError: Se esperaba que la implementación de dos tareas en paralelo pudiera ejecutarse  1,500000x veces más rápido, pero solo alcanzo a mejorar la rapidez (speedup) 0,500000x veces
	at junit.framework.Assert.fail(Assert.java:47)
	at junit.framework.Assert.assertTrue(Assert.java:20)
	at co.edu.unal.paralela.ReciprocalArraySumTest.testParSimpleTwoMillion(ReciprocalArraySumTest.java:119)
</failure>
    <system-out><![CDATA[Test 1 - Millones de elementos con Dos tareas paralelas. Minimal Expected: 1.5. Speedup: 0.5
]]></system-out>
  </testcase>
  <testcase name="testParManyTaskTwoMillion" classname="co.edu.unal.paralela.ReciprocalArraySumTest" time="0.265">
    <failure message="Se esperaba que la implmentación de muchas tareas en paralelo pudiera ejecutarse 7,200000x veces más rápido, pero solo alcanzo a mejorar la rapidez (speedup) 0,500000x veces" type="junit.framework.AssertionFailedError">junit.framework.AssertionFailedError: Se esperaba que la implmentación de muchas tareas en paralelo pudiera ejecutarse 7,200000x veces más rápido, pero solo alcanzo a mejorar la rapidez (speedup) 0,500000x veces
	at junit.framework.Assert.fail(Assert.java:47)
	at junit.framework.Assert.assertTrue(Assert.java:20)
	at co.edu.unal.paralela.ReciprocalArraySumTest.testParManyTaskTwoMillion(ReciprocalArraySumTest.java:148)
</failure>
    <system-out><![CDATA[Test 3 - Millones de elementos con 12 tareas paralelas. Minimal Expected: 7.199999999999999. Speedup: 0.5
]]></system-out>
  </testcase>
</testsuite>