<?xml version="1.0" encoding="UTF-8"?>
<testsuite name="co.edu.unal.paralela.ReciprocalArraySumTest" time="27.48" tests="4" errors="0" skipped="0" failures="1">
  <properties>
[...]
</properties>
  <testcase name="testParManyTaskTwoHundredMillion" classname="co.edu.unal.paralela.ReciprocalArraySumTest" time="12.811">
    <failure message="Se esperaba que la implmentación de muchas tareas en paralelo pudiera ejecutarse  12.800000x veces más rápido, pero solo alcanzo a mejorar la rapidez (speedup) 3.512195x veces" type="junit.framework.AssertionFailedError">junit.framework.AssertionFailedError: Se esperaba que la implmentación de muchas tareas en paralelo pudiera ejecutarse  12.800000x veces más rápido, pero solo alcanzo a mejorar la rapidez (speedup) 3.512195x veces
	at junit.framework.Assert.fail(Assert.java:47)
	at junit.framework.Assert.assertTrue(Assert.java:20)
	at co.edu.unal.paralela.ReciprocalArraySumTest.testParManyTaskTwoHundredMillion(ReciprocalArraySumTest.java:163)
</failure>
    <system-out><![CDATA[Test 4 - Cientos de Millones de elementos con 16 tareas paralelas. Minimal Expected: 12.8. Speedup: 3.5121951219512195
]]></system-out>
  </testcase>
  <testcase name="testParManyTaskTwoMillion" classname="co.edu.unal.paralela.ReciprocalArraySumTest" time="0.151"/>
  <testcase name="testParSimpleTwoMillion" classname="co.edu.unal.paralela.ReciprocalArraySumTest" time="0.157"/>
  <testcase name="testParSimpleTwoHundredMillion" classname="co.edu.unal.paralela.ReciprocalArraySumTest" time="14.361"/>
</testsuite>